Using pre-set license
Built from '2021.3/staging' branch; Version is '2021.3.7f1 (24e8595d6d43) revision 2418777'; Using compiler version '192829333'; Build Type 'Release'
OS: 'Windows 11  (10.0.22000) 64bit Professional' Language: 'ru' Physical Memory: 15741 MB
BatchMode: 1, IsHumanControllingUs: 0, StartBugReporterOnCrash: 0, Is64bit: 1, IsPro: 1

COMMAND LINE ARGUMENTS:
C:\Program Files\Unity\Hub\Editor\2021.3.7f1\Editor\Unity.exe
-adb2
-batchMode
-noUpm
-name
AssetImportWorker0
-projectPath
C:/Users/Влад и Аня/Desktop/SnakeVsBlock-main
-logFile
Logs/AssetImportWorker0.log
-srvPort
51329
Successfully changed project path to: C:/Users/Влад и Аня/Desktop/SnakeVsBlock-main
C:/Users/Влад и Аня/Desktop/SnakeVsBlock-main
[UnityMemory] Configuration Parameters - Can be set up in boot.config
    "memorysetup-bucket-allocator-granularity=16"
    "memorysetup-bucket-allocator-bucket-count=8"
    "memorysetup-bucket-allocator-block-size=33554432"
    "memorysetup-bucket-allocator-block-count=8"
    "memorysetup-main-allocator-block-size=16777216"
    "memorysetup-thread-allocator-block-size=16777216"
    "memorysetup-gfx-main-allocator-block-size=16777216"
    "memorysetup-gfx-thread-allocator-block-size=16777216"
    "memorysetup-cache-allocator-block-size=4194304"
    "memorysetup-typetree-allocator-block-size=2097152"
    "memorysetup-profiler-bucket-allocator-granularity=16"
    "memorysetup-profiler-bucket-allocator-bucket-count=8"
    "memorysetup-profiler-bucket-allocator-block-size=33554432"
    "memorysetup-profiler-bucket-allocator-block-count=8"
    "memorysetup-profiler-allocator-block-size=16777216"
    "memorysetup-profiler-editor-allocator-block-size=1048576"
    "memorysetup-temp-allocator-size-main=16777216"
    "memorysetup-job-temp-allocator-block-size=2097152"
    "memorysetup-job-temp-allocator-block-size-background=1048576"
    "memorysetup-job-temp-allocator-reduction-small-platforms=262144"
    "memorysetup-temp-allocator-size-background-worker=32768"
    "memorysetup-temp-allocator-size-job-worker=262144"
    "memorysetup-temp-allocator-size-preload-manager=33554432"
    "memorysetup-temp-allocator-size-nav-mesh-worker=65536"
    "memorysetup-temp-allocator-size-audio-worker=65536"
    "memorysetup-temp-allocator-size-cloud-worker=32768"
    "memorysetup-temp-allocator-size-gi-baking-worker=262144"
    "memorysetup-temp-allocator-size-gfx=262144"
Refreshing native plugins compatible for Editor in 38.94 ms, found 2 plugins.
Preloading 0 native plugins for Editor in 0.00 ms.
Initialize engine version: 2021.3.7f1 (24e8595d6d43)
[Subsystems] Discovering subsystems at path C:/Program Files/Unity/Hub/Editor/2021.3.7f1/Editor/Data/Resources/UnitySubsystems
[Subsystems] Discovering subsystems at path C:/Users/Влад и Аня/Desktop/SnakeVsBlock-main/Assets
GfxDevice: creating device client; threaded=0; jobified=0
Direct3D:
    Version:  Direct3D 11.0 [level 11.1]
    Renderer: AMD Radeon(TM) Graphics (ID=0x1638)
    Vendor:   ATI
    VRAM:     7870 MB
    Driver:   30.0.21023.1015
Initialize mono
Mono path[0] = 'C:/Program Files/Unity/Hub/Editor/2021.3.7f1/Editor/Data/Managed'
Mono path[1] = 'C:/Program Files/Unity/Hub/Editor/2021.3.7f1/Editor/Data/MonoBleedingEdge/lib/mono/unityjit-win32'
Mono config path = 'C:/Program Files/Unity/Hub/Editor/2021.3.7f1/Editor/Data/MonoBleedingEdge/etc'
Using monoOptions --debugger-agent=transport=dt_socket,embedding=1,server=y,suspend=n,address=127.0.0.1:56024
Begin MonoManager ReloadAssembly
Registering precompiled unity dll's ...
Register platform support module: C:/Program Files/Unity/Hub/Editor/2021.3.7f1/Editor/Data/PlaybackEngines/WebGLSupport/UnityEditor.WebGL.Extensions.dll
Register platform support module: C:/Program Files/Unity/Hub/Editor/2021.3.7f1/Editor/Data/PlaybackEngines/WindowsStandaloneSupport/UnityEditor.WindowsStandalone.Extensions.dll
Registered in 0.001837 seconds.
Native extension for WindowsStandalone target not found
Native extension for WebGL target not found
Refreshing native plugins compatible for Editor in 38.89 ms, found 2 plugins.
Preloading 0 native plugins for Editor in 0.00 ms.
Mono: successfully reloaded assembly
- Completed reload, in  0.430 seconds
Domain Reload Profiling:
	ReloadAssembly (430ms)
		BeginReloadAssembly (46ms)
			ExecutionOrderSort (0ms)
			DisableScriptedObjects (0ms)
			BackupInstance (0ms)
			ReleaseScriptingObjects (0ms)
			CreateAndSetChildDomain (1ms)
		EndReloadAssembly (312ms)
			LoadAssemblies (45ms)
			RebuildTransferFunctionScriptingTraits (0ms)
			SetupTypeCache (78ms)
			ReleaseScriptCaches (0ms)
			RebuildScriptCaches (20ms)
			SetupLoadedEditorAssemblies (175ms)
				LogAssemblyErrors (0ms)
				InitializePlatformSupportModulesInManaged (6ms)
				SetLoadedEditorAssemblies (0ms)
				RefreshPlugins (39ms)
				BeforeProcessingInitializeOnLoad (1ms)
				ProcessInitializeOnLoadAttributes (96ms)
				ProcessInitializeOnLoadMethodAttributes (33ms)
				AfterProcessingInitializeOnLoad (0ms)
				EditorAssembliesLoaded (0ms)
			ExecutionOrderSort2 (0ms)
			AwakeInstancesAfterBackupRestoration (0ms)
Platform modules already initialized, skipping
Registering precompiled user dll's ...
Registered in 0.001775 seconds.
Begin MonoManager ReloadAssembly
Native extension for WindowsStandalone target not found
Native extension for WebGL target not found
Refreshing native plugins compatible for Editor in 38.12 ms, found 2 plugins.
Preloading 0 native plugins for Editor in 0.00 ms.
Mono: successfully reloaded assembly
- Completed reload, in  0.750 seconds
Domain Reload Profiling:
	ReloadAssembly (751ms)
		BeginReloadAssembly (73ms)
			ExecutionOrderSort (0ms)
			DisableScriptedObjects (5ms)
			BackupInstance (0ms)
			ReleaseScriptingObjects (0ms)
			CreateAndSetChildDomain (15ms)
		EndReloadAssembly (599ms)
			LoadAssemblies (46ms)
			RebuildTransferFunctionScriptingTraits (0ms)
			SetupTypeCache (147ms)
			ReleaseScriptCaches (0ms)
			RebuildScriptCaches (35ms)
			SetupLoadedEditorAssemblies (336ms)
				LogAssemblyErrors (0ms)
				InitializePlatformSupportModulesInManaged (3ms)
				SetLoadedEditorAssemblies (0ms)
				RefreshPlugins (38ms)
				BeforeProcessingInitializeOnLoad (55ms)
				ProcessInitializeOnLoadAttributes (171ms)
				ProcessInitializeOnLoadMethodAttributes (66ms)
				AfterProcessingInitializeOnLoad (2ms)
				EditorAssembliesLoaded (0ms)
			ExecutionOrderSort2 (0ms)
			AwakeInstancesAfterBackupRestoration (5ms)
Platform modules already initialized, skipping
========================================================================
Worker process is ready to serve import requests
Launched and connected shader compiler UnityShaderCompiler.exe after 0.02 seconds
Refreshing native plugins compatible for Editor in 0.56 ms, found 2 plugins.
Preloading 0 native plugins for Editor in 0.00 ms.
Unloading 3479 Unused Serialized files (Serialized files now loaded: 0)
Unloading 29 unused Assets / (0.7 MB). Loaded Objects now: 3934.
Memory consumption went from 159.3 MB to 158.6 MB.
Total: 2.975700 ms (FindLiveObjects: 0.219800 ms CreateObjectMapping: 0.155500 ms MarkObjects: 2.373900 ms  DeleteObjects: 0.226100 ms)

AssetImportParameters requested are different than current active one (requested -> active):
  custom:video-decoder-ogg-theora: a1e56fd34408186e4bbccfd4996cb3dc -> 
  custom:container-muxer-webm: aa71ff27fc2769a1b78a27578f13a17b -> 
  custom:container-demuxer-webm: 4f35f7cbe854078d1ac9338744f61a02 -> 
  custom:video-encoder-webm-vp8: eb34c28f22e8b96e1ab97ce403110664 -> 
  custom:audio-encoder-webm-vorbis: bf7c407c2cedff20999df2af8eb42d56 -> 
  custom:framework-win-MediaFoundation: 216162199b28c13a410421893ffa2e32 -> 
  custom:container-demuxer-ogg: 62fdf1f143b41e24485cea50d1cbac27 -> 
  custom:video-decoder-webm-vp8: 9c59270c3fd7afecdb556c50c9e8de78 -> 
  custom:audio-decoder-ogg-vorbis: bf7c407c2cedff20999df2af8eb42d56 -> 
========================================================================
Received Import Request.
  Time since last request: 2293.138516 seconds.
  path: Assets/Pause Menu Assets/Art
  artifactKey: Guid(a2730c7c1ce4d2347b84d35a887ce16f) Importer(815301076,1909f56bfc062723c751e8b465ee728b)
Start importing Assets/Pause Menu Assets/Art using Guid(a2730c7c1ce4d2347b84d35a887ce16f) Importer(815301076,1909f56bfc062723c751e8b465ee728b)  -> (artifact id: '7b086af5b39243bd201bb65af0335ae8') in 0.008249 seconds 
========================================================================
Received Import Request.
  Time since last request: 0.944463 seconds.
  path: Assets/Pause Menu Assets/Art/Backgrounds
  artifactKey: Guid(60e2da8859bdb5f499a4f88fe880df4d) Importer(815301076,1909f56bfc062723c751e8b465ee728b)
Start importing Assets/Pause Menu Assets/Art/Backgrounds using Guid(60e2da8859bdb5f499a4f88fe880df4d) Importer(815301076,1909f56bfc062723c751e8b465ee728b)  -> (artifact id: '3d018a0af023a911ebfc5b6274c4d57c') in 0.001180 seconds 
========================================================================
Received Import Request.
  Time since last request: 0.194254 seconds.
  path: Assets/Pause Menu Assets/Art/Backgrounds/Label Background.png
  artifactKey: Guid(71fba22d715e74942bee5a7cfdba7905) Importer(815301076,1909f56bfc062723c751e8b465ee728b)
Start importing Assets/Pause Menu Assets/Art/Backgrounds/Label Background.png using Guid(71fba22d715e74942bee5a7cfdba7905) Importer(815301076,1909f56bfc062723c751e8b465ee728b)  -> (artifact id: '3ff62ecd3c89ae794e29e8372e4883c0') in 0.068862 seconds 
========================================================================
Received Import Request.
  Time since last request: 41.759188 seconds.
  path: Assets/Pause Menu Assets/Materials
  artifactKey: Guid(29ac4bb94275cb543a2a6ca9d04acc9a) Importer(815301076,1909f56bfc062723c751e8b465ee728b)
Start importing Assets/Pause Menu Assets/Materials using Guid(29ac4bb94275cb543a2a6ca9d04acc9a) Importer(815301076,1909f56bfc062723c751e8b465ee728b)  -> (artifact id: '0f19c54f4d8d4a24456794c75da04bcf') in 0.001075 seconds 
========================================================================
Received Import Request.
  Time since last request: 0.062553 seconds.
  path: Assets/Pause Menu Assets/Materials/UI Mat.mat
  artifactKey: Guid(1bdfbf25c8be3f643ac1bdc88b9dae59) Importer(815301076,1909f56bfc062723c751e8b465ee728b)
Start importing Assets/Pause Menu Assets/Materials/UI Mat.mat using Guid(1bdfbf25c8be3f643ac1bdc88b9dae59) Importer(815301076,1909f56bfc062723c751e8b465ee728b)  -> (artifact id: 'a6daf57821ff1a6b2554aeadf5b25a23') in 0.124102 seconds 
========================================================================
Received Import Request.
  Time since last request: 1.690142 seconds.
  path: Assets/Pause Menu Assets/Animation
  artifactKey: Guid(fe9d5b5201ba59e4abeba374b6a96106) Importer(815301076,1909f56bfc062723c751e8b465ee728b)
Start importing Assets/Pause Menu Assets/Animation using Guid(fe9d5b5201ba59e4abeba374b6a96106) Importer(815301076,1909f56bfc062723c751e8b465ee728b)  -> (artifact id: 'c1b0413b1f2836a0c9aac355b1278945') in 0.001089 seconds 
========================================================================
Received Import Request.
  Time since last request: 5.981530 seconds.
  path: Assets/Pause Menu Assets/Art/Ui elements
  artifactKey: Guid(a0bf225b12befa841ba284d5fcba0047) Importer(815301076,1909f56bfc062723c751e8b465ee728b)
Start importing Assets/Pause Menu Assets/Art/Ui elements using Guid(a0bf225b12befa841ba284d5fcba0047) Importer(815301076,1909f56bfc062723c751e8b465ee728b)  -> (artifact id: 'f0c93da76abf0e7da164b1fe8cbde141') in 0.001314 seconds 
========================================================================
Received Import Request.
  Time since last request: 0.084312 seconds.
  path: Assets/Pause Menu Assets/Art/Ui elements/Divider.png
  artifactKey: Guid(f594c74694aba2e4493c6c56348f044f) Importer(815301076,1909f56bfc062723c751e8b465ee728b)
Start importing Assets/Pause Menu Assets/Art/Ui elements/Divider.png using Guid(f594c74694aba2e4493c6c56348f044f) Importer(815301076,1909f56bfc062723c751e8b465ee728b)  -> (artifact id: 'c81352b37014c001ff6616995012aa0d') in 0.007757 seconds 
========================================================================
Received Import Request.
  Time since last request: 419.872023 seconds.
  path: Assets
  artifactKey: Guid(00000000000000001000000000000000) Importer(815301076,1909f56bfc062723c751e8b465ee728b)
Start importing Assets using Guid(00000000000000001000000000000000) Importer(815301076,1909f56bfc062723c751e8b465ee728b)  -> (artifact id: '79842766b460edbeab6a34051e857a80') in 0.001178 seconds 
========================================================================
Received Import Request.
  Time since last request: 6.435418 seconds.
  path: Assets/UI
  artifactKey: Guid(85f07140071cd3c4a89008c357d94bdf) Importer(815301076,1909f56bfc062723c751e8b465ee728b)
Start importing Assets/UI using Guid(85f07140071cd3c4a89008c357d94bdf) Importer(815301076,1909f56bfc062723c751e8b465ee728b)  -> (artifact id: '8b8dfae80a35698e178fa38d107cabb4') in 0.000867 seconds 
========================================================================
Received Import Request.
  Time since last request: 9.745266 seconds.
  path: Assets/UI/exit.png
  artifactKey: Guid(6f656c9b2952b544592b581d0cc8d7f2) Importer(815301076,1909f56bfc062723c751e8b465ee728b)
Start importing Assets/UI/exit.png using Guid(6f656c9b2952b544592b581d0cc8d7f2) Importer(815301076,1909f56bfc062723c751e8b465ee728b)  -> (artifact id: '7c527543602236c3b17bdc59e6b04def') in 0.006531 seconds 
========================================================================
Received Import Request.
  Time since last request: 9.448749 seconds.
  path: Assets/Pause Menu Assets/Art/Button/Button Style 1/PMenu Button Simple.png
  artifactKey: Guid(ec2687c1db2b4b447832724c5dcf0a5e) Importer(815301076,1909f56bfc062723c751e8b465ee728b)
Start importing Assets/Pause Menu Assets/Art/Button/Button Style 1/PMenu Button Simple.png using Guid(ec2687c1db2b4b447832724c5dcf0a5e) Importer(815301076,1909f56bfc062723c751e8b465ee728b)  -> (artifact id: 'c4227f6ec8ac13678194d7a6cf842f41') in 0.009464 seconds 
========================================================================
Received Import Request.
  Time since last request: 0.000020 seconds.
  path: Assets/Pause Menu Assets/Art/Scrollbar/Scrollbar 1.png
  artifactKey: Guid(d95f0e73326235c47ab9c10c61244f16) Importer(815301076,1909f56bfc062723c751e8b465ee728b)
Start importing Assets/Pause Menu Assets/Art/Scrollbar/Scrollbar 1.png using Guid(d95f0e73326235c47ab9c10c61244f16) Importer(815301076,1909f56bfc062723c751e8b465ee728b)  -> (artifact id: 'b197bcbf54d8b9bcc72056eb7f6716a8') in 0.011448 seconds 
========================================================================
Received Import Request.
  Time since last request: 0.000035 seconds.
  path: Assets/Pause Menu Assets/Art/Scrollbar/Scrollbar handle.png
  artifactKey: Guid(d389eede7a384d144ba0802638a4c61f) Importer(815301076,1909f56bfc062723c751e8b465ee728b)
Start importing Assets/Pause Menu Assets/Art/Scrollbar/Scrollbar handle.png using Guid(d389eede7a384d144ba0802638a4c61f) Importer(815301076,1909f56bfc062723c751e8b465ee728b)  -> (artifact id: 'aae3debaf620c9c9202c437f30ce3a0c') in 0.010207 seconds 
========================================================================
Received Import Request.
  Time since last request: 1.810888 seconds.
  path: Assets/Pause Menu Assets/Art/Button/Button Style 3/Button style 3 idle transparent.png
  artifactKey: Guid(c1ef5b10d79b5774da9b0eeb3a79bee2) Importer(815301076,1909f56bfc062723c751e8b465ee728b)
Start importing Assets/Pause Menu Assets/Art/Button/Button Style 3/Button style 3 idle transparent.png using Guid(c1ef5b10d79b5774da9b0eeb3a79bee2) Importer(815301076,1909f56bfc062723c751e8b465ee728b)  -> (artifact id: '9a7b852220909960f2a47e166bce57f1') in 0.012167 seconds 
========================================================================
Received Import Request.
  Time since last request: 0.418977 seconds.
  path: Assets/Pause Menu Assets/Art/Button/Button Style 2/button style 2 idle (2).png
  artifactKey: Guid(58adb788f814cd5419082bf861d76e6c) Importer(815301076,1909f56bfc062723c751e8b465ee728b)
Start importing Assets/Pause Menu Assets/Art/Button/Button Style 2/button style 2 idle (2).png using Guid(58adb788f814cd5419082bf861d76e6c) Importer(815301076,1909f56bfc062723c751e8b465ee728b)  -> (artifact id: 'd364fce35d1e91b7cf9b3913ac647f8a') in 0.010468 seconds 
========================================================================
Received Import Request.
  Time since last request: 0.020370 seconds.
  path: Assets/Pause Menu Assets/Art/Button/Button Style 3/Button lines idle 1.png
  artifactKey: Guid(5ba20737eaf4a10419f71275e1816548) Importer(815301076,1909f56bfc062723c751e8b465ee728b)
Start importing Assets/Pause Menu Assets/Art/Button/Button Style 3/Button lines idle 1.png using Guid(5ba20737eaf4a10419f71275e1816548) Importer(815301076,1909f56bfc062723c751e8b465ee728b)  -> (artifact id: 'e10ce3adc05c31079ed697e6aae11f13') in 0.008112 seconds 
========================================================================
Received Import Request.
  Time since last request: 0.000018 seconds.
  path: Assets/Pause Menu Assets/Art/Button/Button Style 2/button style 2 hover (1).png
  artifactKey: Guid(8fcfb838f24339343bc6eace870bfb4a) Importer(815301076,1909f56bfc062723c751e8b465ee728b)
Start importing Assets/Pause Menu Assets/Art/Button/Button Style 2/button style 2 hover (1).png using Guid(8fcfb838f24339343bc6eace870bfb4a) Importer(815301076,1909f56bfc062723c751e8b465ee728b)  -> (artifact id: '74d984aa2540dfc9fd646dc402b11b6b') in 0.007673 seconds 
========================================================================
Received Import Request.
  Time since last request: 0.008161 seconds.
  path: Assets/Pause Menu Assets/Art/Button/Button Style 1/Button idle.png
  artifactKey: Guid(2c29e7af49a783641aefd55d0e7e46f6) Importer(815301076,1909f56bfc062723c751e8b465ee728b)
Start importing Assets/Pause Menu Assets/Art/Button/Button Style 1/Button idle.png using Guid(2c29e7af49a783641aefd55d0e7e46f6) Importer(815301076,1909f56bfc062723c751e8b465ee728b)  -> (artifact id: '16e012cb6c1f742678aa509260942909') in 0.009043 seconds 
========================================================================
Received Import Request.
  Time since last request: 0.000018 seconds.
  path: Assets/Pause Menu Assets/Art/Button/Button Style 1/Button idle 2.png
  artifactKey: Guid(5a3d65e4dbacd724b9d0da3b14347f71) Importer(815301076,1909f56bfc062723c751e8b465ee728b)
Start importing Assets/Pause Menu Assets/Art/Button/Button Style 1/Button idle 2.png using Guid(5a3d65e4dbacd724b9d0da3b14347f71) Importer(815301076,1909f56bfc062723c751e8b465ee728b)  -> (artifact id: '23b37c2a35044ba221e3e786daac013d') in 0.007688 seconds 
========================================================================
Received Import Request.
  Time since last request: 0.000039 seconds.
  path: Assets/Pause Menu Assets/Art/Button/Button Style 1/Button hover blue.png
  artifactKey: Guid(328f6ddf757206342b7cd738b01dd676) Importer(815301076,1909f56bfc062723c751e8b465ee728b)
Start importing Assets/Pause Menu Assets/Art/Button/Button Style 1/Button hover blue.png using Guid(328f6ddf757206342b7cd738b01dd676) Importer(815301076,1909f56bfc062723c751e8b465ee728b)  -> (artifact id: 'ed463b155296e5b2652dd36573ecc588') in 0.009727 seconds 
========================================================================
Received Import Request.
  Time since last request: 0.308723 seconds.
  path: Assets/Pause Menu Assets/Art/Button/Button Style 1/Button click red.png
  artifactKey: Guid(ea9e0b413e749e2479cf0ad17323461c) Importer(815301076,1909f56bfc062723c751e8b465ee728b)
Start importing Assets/Pause Menu Assets/Art/Button/Button Style 1/Button click red.png using Guid(ea9e0b413e749e2479cf0ad17323461c) Importer(815301076,1909f56bfc062723c751e8b465ee728b)  -> (artifact id: 'b7da6cd0577e97536acec2e349005ce6') in 0.009491 seconds 
========================================================================
Received Import Request.
  Time since last request: 0.000016 seconds.
  path: Assets/Pause Menu Assets/Art/Button/Button Style 1/Button click red 2.png
  artifactKey: Guid(2f90b5379b376cb4db5d4b669136af00) Importer(815301076,1909f56bfc062723c751e8b465ee728b)
Start importing Assets/Pause Menu Assets/Art/Button/Button Style 1/Button click red 2.png using Guid(2f90b5379b376cb4db5d4b669136af00) Importer(815301076,1909f56bfc062723c751e8b465ee728b)  -> (artifact id: '4d00c508df85e8e0805cdc8bea46f396') in 0.007387 seconds 
========================================================================
Received Import Request.
  Time since last request: 1.550586 seconds.
  path: Assets/Pause Menu Assets/Art/Button/Button Style 1/Button click blue.png
  artifactKey: Guid(9aaa3b041635cfd469f5b35acb052e1b) Importer(815301076,1909f56bfc062723c751e8b465ee728b)
Start importing Assets/Pause Menu Assets/Art/Button/Button Style 1/Button click blue.png using Guid(9aaa3b041635cfd469f5b35acb052e1b) Importer(815301076,1909f56bfc062723c751e8b465ee728b)  -> (artifact id: 'd68b4db90c0c752c3ccc0173d998e0d1') in 0.009324 seconds 
========================================================================
Received Import Request.
  Time since last request: 80.045583 seconds.
  path: Assets/Pause Menu Assets/Art/Button/Button Style 1/play.png
  artifactKey: Guid(720cfe91edc8ee44189cd9e0db711cc0) Importer(815301076,1909f56bfc062723c751e8b465ee728b)
Start importing Assets/Pause Menu Assets/Art/Button/Button Style 1/play.png using Guid(720cfe91edc8ee44189cd9e0db711cc0) Importer(815301076,1909f56bfc062723c751e8b465ee728b)  -> (artifact id: '12949403e9df6de3a2fda477d0b428a3') in 0.005028 seconds 
========================================================================
Received Import Request.
  Time since last request: 2.589838 seconds.
  path: Assets/Pause Menu Assets/Art/Button/Button Style 1/exit.png
  artifactKey: Guid(d32e7e8e070f71f47b931183eee10d84) Importer(815301076,1909f56bfc062723c751e8b465ee728b)
Start importing Assets/Pause Menu Assets/Art/Button/Button Style 1/exit.png using Guid(d32e7e8e070f71f47b931183eee10d84) Importer(815301076,1909f56bfc062723c751e8b465ee728b)  -> (artifact id: '3e4092040f18b78493013281e72fe796') in 0.005195 seconds 
========================================================================
Received Import Request.
  Time since last request: 266.195945 seconds.
  path: Assets/UI/play.png
  artifactKey: Guid(ba07dbde0c097f043991ec2a696135df) Importer(815301076,1909f56bfc062723c751e8b465ee728b)
Start importing Assets/UI/play.png using Guid(ba07dbde0c097f043991ec2a696135df) Importer(815301076,1909f56bfc062723c751e8b465ee728b)  -> (artifact id: '2f4ff234e5a2fc06344e61b1af56861a') in 0.005896 seconds 
========================================================================
Received Import Request.
  Time since last request: 287.466859 seconds.
  path: Assets/UI/exit.png
  artifactKey: Guid(6f656c9b2952b544592b581d0cc8d7f2) Importer(815301076,1909f56bfc062723c751e8b465ee728b)
Start importing Assets/UI/exit.png using Guid(6f656c9b2952b544592b581d0cc8d7f2) Importer(815301076,1909f56bfc062723c751e8b465ee728b)  -> (artifact id: '9be9315d80a170765a7c3d603ea92b87') in 0.022437 seconds 
========================================================================
Received Import Request.
  Time since last request: 108.810215 seconds.
  path: Assets/Pause Menu Assets/Fonts/open-sans/OpenSans-Semibold.ttf
  artifactKey: Guid(9a34b62571f006740a295949aafc7946) Importer(815301076,1909f56bfc062723c751e8b465ee728b)
Start importing Assets/Pause Menu Assets/Fonts/open-sans/OpenSans-Semibold.ttf using Guid(9a34b62571f006740a295949aafc7946) Importer(815301076,1909f56bfc062723c751e8b465ee728b)  -> (artifact id: '37e4c60f9485ae8fce91e870432d5055') in 0.021704 seconds 
========================================================================
Received Import Request.
  Time since last request: 0.000030 seconds.
  path: Assets/Materials/MaterialFood.mat
  artifactKey: Guid(07ecf1101aad99a4e8cdfc9f5d9a9d0f) Importer(815301076,1909f56bfc062723c751e8b465ee728b)
Start importing Assets/Materials/MaterialFood.mat using Guid(07ecf1101aad99a4e8cdfc9f5d9a9d0f) Importer(815301076,1909f56bfc062723c751e8b465ee728b)  -> (artifact id: 'd55cc8ad9ec6530ccf7b1692676af9b2') in 0.011467 seconds 
========================================================================
Received Import Request.
  Time since last request: 0.000059 seconds.
  path: Assets/Pause Menu Assets/Fonts/open-sans/OpenSans-Bold.ttf
  artifactKey: Guid(06aeae14bc9158141851416305e63220) Importer(815301076,1909f56bfc062723c751e8b465ee728b)
Start importing Assets/Pause Menu Assets/Fonts/open-sans/OpenSans-Bold.ttf using Guid(06aeae14bc9158141851416305e63220) Importer(815301076,1909f56bfc062723c751e8b465ee728b)  -> (artifact id: 'bb560af7b63bc05b5d90687b83beaaed') in 0.011383 seconds 
========================================================================
Received Import Request.
  Time since last request: 0.000028 seconds.
  path: Assets/Pause Menu Assets/Fonts/exo/Exo-ExtraLightItalic.otf
  artifactKey: Guid(d0b37a625f099014f975745d2ad535f4) Importer(815301076,1909f56bfc062723c751e8b465ee728b)
Start importing Assets/Pause Menu Assets/Fonts/exo/Exo-ExtraLightItalic.otf using Guid(d0b37a625f099014f975745d2ad535f4) Importer(815301076,1909f56bfc062723c751e8b465ee728b)  -> (artifact id: 'b6d31e80e044e4afc2c2e26a9d102007') in 0.010494 seconds 
========================================================================
Received Import Request.
  Time since last request: 0.000018 seconds.
  path: Assets/Pause Menu Assets/Fonts/exo/Exo-Thin.otf
  artifactKey: Guid(f81e3c8c31305174e943fa94f644aa95) Importer(815301076,1909f56bfc062723c751e8b465ee728b)
Start importing Assets/Pause Menu Assets/Fonts/exo/Exo-Thin.otf using Guid(f81e3c8c31305174e943fa94f644aa95) Importer(815301076,1909f56bfc062723c751e8b465ee728b)  -> (artifact id: '794d8d78b220c59342aee3d6f042c39e') in 0.009677 seconds 
========================================================================
Received Import Request.
  Time since last request: 0.000019 seconds.
  path: Assets/Pause Menu Assets/Fonts/exo/Exo-LightItalic.otf
  artifactKey: Guid(bce86b55a79174a42b40200202520ec3) Importer(815301076,1909f56bfc062723c751e8b465ee728b)
Start importing Assets/Pause Menu Assets/Fonts/exo/Exo-LightItalic.otf using Guid(bce86b55a79174a42b40200202520ec3) Importer(815301076,1909f56bfc062723c751e8b465ee728b)  -> (artifact id: '28e7f185ef5f1625efdabf72c3e70765') in 0.010729 seconds 
========================================================================
Received Import Request.
  Time since last request: 0.000018 seconds.
  path: Assets/Pause Menu Assets/Fonts/exo/Exo-ThinItalic.otf
  artifactKey: Guid(941f5f6147f793a43903335b6f6101c4) Importer(815301076,1909f56bfc062723c751e8b465ee728b)
Start importing Assets/Pause Menu Assets/Fonts/exo/Exo-ThinItalic.otf using Guid(941f5f6147f793a43903335b6f6101c4) Importer(815301076,1909f56bfc062723c751e8b465ee728b)  -> (artifact id: '852448d81e14b07568d6bcf2bea4729f') in 0.009881 seconds 
========================================================================
Received Import Request.
  Time since last request: 0.000021 seconds.
  path: Assets/Pause Menu Assets/Fonts/open-sans/OpenSans-Regular.ttf
  artifactKey: Guid(f67bd30f338f33a46b83b4ab9a8d5e51) Importer(815301076,1909f56bfc062723c751e8b465ee728b)
Start importing Assets/Pause Menu Assets/Fonts/open-sans/OpenSans-Regular.ttf using Guid(f67bd30f338f33a46b83b4ab9a8d5e51) Importer(815301076,1909f56bfc062723c751e8b465ee728b)  -> (artifact id: '42213d20c6f21a4e0be60d6c15610570') in 0.010889 seconds 
========================================================================
Received Import Request.
  Time since last request: 0.000017 seconds.
  path: Assets/Pause Menu Assets/Fonts/exo/Exo-Light.otf
  artifactKey: Guid(eed87497a42490f49a039d31020a8742) Importer(815301076,1909f56bfc062723c751e8b465ee728b)
Start importing Assets/Pause Menu Assets/Fonts/exo/Exo-Light.otf using Guid(eed87497a42490f49a039d31020a8742) Importer(815301076,1909f56bfc062723c751e8b465ee728b)  -> (artifact id: '0a77904c75277eeba0f85399e745427e') in 0.010751 seconds 
========================================================================
Received Import Request.
  Time since last request: 0.000022 seconds.
  path: Assets/Pause Menu Assets/Fonts/exo/Exo-SemiBold.otf
  artifactKey: Guid(21ed684e552874144a29cfac8df646bd) Importer(815301076,1909f56bfc062723c751e8b465ee728b)
Start importing Assets/Pause Menu Assets/Fonts/exo/Exo-SemiBold.otf using Guid(21ed684e552874144a29cfac8df646bd) Importer(815301076,1909f56bfc062723c751e8b465ee728b)  -> (artifact id: '30253340cc40771fd64693a4a8fbed19') in 0.010775 seconds 
========================================================================
Received Import Request.
  Time since last request: 0.000026 seconds.
  path: Assets/Pause Menu Assets/Fonts/exo/Exo-MediumItalic.otf
  artifactKey: Guid(68aa25b87a9267240b50fb2c5ec83bfb) Importer(815301076,1909f56bfc062723c751e8b465ee728b)
Start importing Assets/Pause Menu Assets/Fonts/exo/Exo-MediumItalic.otf using Guid(68aa25b87a9267240b50fb2c5ec83bfb) Importer(815301076,1909f56bfc062723c751e8b465ee728b)  -> (artifact id: '05421dbd5f78e09aa65e49b3c513ff99') in 0.012213 seconds 
========================================================================
Received Import Request.
  Time since last request: 0.000022 seconds.
  path: Assets/Pause Menu Assets/Fonts/exo/Exo-Black.otf
  artifactKey: Guid(1a103c9041c5777488d324da0a88dd88) Importer(815301076,1909f56bfc062723c751e8b465ee728b)
Start importing Assets/Pause Menu Assets/Fonts/exo/Exo-Black.otf using Guid(1a103c9041c5777488d324da0a88dd88) Importer(815301076,1909f56bfc062723c751e8b465ee728b)  -> (artifact id: 'd81193fb87ad20759b3e2ffa96360550') in 0.010582 seconds 
========================================================================
Received Import Request.
  Time since last request: 0.000050 seconds.
  path: Assets/Pause Menu Assets/Fonts/exo/Exo-BoldItalic.otf
  artifactKey: Guid(f48554fd7d055d24a9035c9ea09db4e5) Importer(815301076,1909f56bfc062723c751e8b465ee728b)
Start importing Assets/Pause Menu Assets/Fonts/exo/Exo-BoldItalic.otf using Guid(f48554fd7d055d24a9035c9ea09db4e5) Importer(815301076,1909f56bfc062723c751e8b465ee728b)  -> (artifact id: '7ac142423574aa818349d5f6f5efe8a7') in 0.012661 seconds 
========================================================================
Received Import Request.
  Time since last request: 0.000026 seconds.
  path: Assets/Pause Menu Assets/Fonts/open-sans/OpenSans-Italic.ttf
  artifactKey: Guid(d4da5e4897ceb814480172e22cd2ff8d) Importer(815301076,1909f56bfc062723c751e8b465ee728b)
Start importing Assets/Pause Menu Assets/Fonts/open-sans/OpenSans-Italic.ttf using Guid(d4da5e4897ceb814480172e22cd2ff8d) Importer(815301076,1909f56bfc062723c751e8b465ee728b)  -> (artifact id: '4adac134531233bd381c85642c444764') in 0.013236 seconds 
========================================================================
Received Import Request.
  Time since last request: 0.000028 seconds.
  path: Assets/Pause Menu Assets/Fonts/exo/Exo-SemiBoldItalic.otf
  artifactKey: Guid(f22b0fcc75c5d254b9d1dbc2630d5c70) Importer(815301076,1909f56bfc062723c751e8b465ee728b)
Start importing Assets/Pause Menu Assets/Fonts/exo/Exo-SemiBoldItalic.otf using Guid(f22b0fcc75c5d254b9d1dbc2630d5c70) Importer(815301076,1909f56bfc062723c751e8b465ee728b)  -> (artifact id: '57c8ea0b6bf010e80f5dd6a6515b6265') in 0.012058 seconds 
========================================================================
Received Import Request.
  Time since last request: 0.000031 seconds.
  path: Assets/Pause Menu Assets/Fonts/open-sans/OpenSans-Light.ttf
  artifactKey: Guid(d9dffe1eb66f6b14b95fdff9609adf7c) Importer(815301076,1909f56bfc062723c751e8b465ee728b)
Start importing Assets/Pause Menu Assets/Fonts/open-sans/OpenSans-Light.ttf using Guid(d9dffe1eb66f6b14b95fdff9609adf7c) Importer(815301076,1909f56bfc062723c751e8b465ee728b)  -> (artifact id: '76a0cff86303b7048a9a81440f3a99b6') in 0.011317 seconds 
========================================================================
Received Import Request.
  Time since last request: 0.000035 seconds.
  path: Assets/Pause Menu Assets/Fonts/open-sans/OpenSans-LightItalic.ttf
  artifactKey: Guid(f577f270fbdcc29439b4eb5cf3488aef) Importer(815301076,1909f56bfc062723c751e8b465ee728b)
Start importing Assets/Pause Menu Assets/Fonts/open-sans/OpenSans-LightItalic.ttf using Guid(f577f270fbdcc29439b4eb5cf3488aef) Importer(815301076,1909f56bfc062723c751e8b465ee728b)  -> (artifact id: 'e274ae2faedc0b8964ca380f792ba89b') in 0.011423 seconds 
========================================================================
Received Import Request.
  Time since last request: 0.000049 seconds.
  path: Assets/Pause Menu Assets/Fonts/exo/Exo-ExtraLight.otf
  artifactKey: Guid(398cd3677c55f194785d8abdaa034e13) Importer(815301076,1909f56bfc062723c751e8b465ee728b)
Start importing Assets/Pause Menu Assets/Fonts/exo/Exo-ExtraLight.otf using Guid(398cd3677c55f194785d8abdaa034e13) Importer(815301076,1909f56bfc062723c751e8b465ee728b)  -> (artifact id: '1d5498a417adb371cf8e8f0741194b84') in 0.012185 seconds 
========================================================================
Received Import Request.
  Time since last request: 0.000022 seconds.
  path: Assets/Pause Menu Assets/Fonts/exo/Exo-Italic.otf
  artifactKey: Guid(22510ab1ef1684e4c8ca14fb22ca46ab) Importer(815301076,1909f56bfc062723c751e8b465ee728b)
Start importing Assets/Pause Menu Assets/Fonts/exo/Exo-Italic.otf using Guid(22510ab1ef1684e4c8ca14fb22ca46ab) Importer(815301076,1909f56bfc062723c751e8b465ee728b)  -> (artifact id: 'b3e5abb00d1cbc63dff3b5f128167956') in 0.010647 seconds 
========================================================================
Received Import Request.
  Time since last request: 2.913675 seconds.
  path: Assets/Pause Menu Assets/Prefab/Pause Menu.prefab
  artifactKey: Guid(861b75cfe59c43d45bdc2d2a2b73b221) Importer(815301076,1909f56bfc062723c751e8b465ee728b)
Start importing Assets/Pause Menu Assets/Prefab/Pause Menu.prefab using Guid(861b75cfe59c43d45bdc2d2a2b73b221) Importer(815301076,1909f56bfc062723c751e8b465ee728b)  -> (artifact id: 'fccb1617fd297819bd1176fcb0b874ac') in 0.028469 seconds 
Editor requested this worker to shutdown with reason: Scaling down because of idle timeout
AssetImportWorker is now disconnected from the server
Process exiting
Exiting without the bug reporter. Application will terminate with return code 0